# JRE version: OpenJDK Runtime Environment Microsoft-32931 (17.0.3+7) (build 17.0.3+7-LTS)
# Java VM: OpenJDK 64-Bit Server VM Microsoft-32931 (17.0.3+7-LTS, mixed mode, tiered, compressed oops, compressed class ptrs, g1 gc, windows-amd64)
GC Precious Log:
 CPUs: 16 total, 16 available
 Memory: 7528M
 Large Page Support: Disabled
 NUMA Support: Disabled
 Compressed Oops: Enabled (Zero based)
 Heap Region Size: 32M
 Heap Min Capacity: 32M
 Heap Initial Capacity: 128M
 Heap Max Capacity: 4G
 Pre-touch: Disabled
 Parallel Workers: 13
 Concurrent Workers: 3
 Concurrent Refinement Workers: 13
 Periodic GC: Disabled
Heap:
 garbage-first heap   total 3440640K, used 953968K [0x0000000700000000, 0x0000000800000000)
  region size 32768K, 10 young (327680K), 1 survivors (32768K)
 Metaspace       used 161846K, committed 163136K, reserved 1196032K
  class space    used 21530K, committed 22080K, reserved 1048576K
GC Heap History (20 events):
Event: 163.215 GC heap before
{Heap before GC invocations=162 (full 0):
 garbage-first heap   total 3440640K, used 2552927K [0x0000000700000000, 0x0000000800000000)
  region size 32768K, 63 young (2064384K), 1 survivors (32768K)
 Metaspace       used 141514K, committed 142592K, reserved 1179648K
  class space    used 19237K, committed 19712K, reserved 1048576K
}
Event: 163.222 GC heap after
{Heap after GC invocations=163 (full 0):
 garbage-first heap   total 3440640K, used 523323K [0x0000000700000000, 0x0000000800000000)
  region size 32768K, 1 young (32768K), 1 survivors (32768K)
 Metaspace       used 141514K, committed 142592K, reserved 1179648K
  class space    used 19237K, committed 19712K, reserved 1048576K
}
Event: 195.575 GC heap before
{Heap before GC invocations=163 (full 0):
 garbage-first heap   total 3440640K, used 2522171K [0x0000000700000000, 0x0000000800000000)
  region size 32768K, 63 young (2064384K), 1 survivors (32768K)
 Metaspace       used 154188K, committed 155392K, reserved 1187840K
  class space    used 20802K, committed 21376K, reserved 1048576K
}
Event: 195.650 GC heap after
{Heap after GC invocations=164 (full 0):
 garbage-first heap   total 3440640K, used 616932K [0x0000000700000000, 0x0000000800000000)
  region size 32768K, 4 young (131072K), 4 survivors (131072K)
 Metaspace       used 154188K, committed 155392K, reserved 1187840K
  class space    used 20802K, committed 21376K, reserved 1048576K
}
Event: 199.134 GC heap before
{Heap before GC invocations=164 (full 0):
 garbage-first heap   total 3440640K, used 2550244K [0x0000000700000000, 0x0000000800000000)
  region size 32768K, 63 young (2064384K), 4 survivors (131072K)
 Metaspace       used 157708K, committed 158912K, reserved 1187840K
  class space    used 21216K, committed 21760K, reserved 1048576K
}
Event: 199.241 GC heap after
{Heap after GC invocations=165 (full 0):
 garbage-first heap   total 3440640K, used 668938K [0x0000000700000000, 0x0000000800000000)
  region size 32768K, 5 young (163840K), 5 survivors (163840K)
 Metaspace       used 157708K, committed 158912K, reserved 1187840K
  class space    used 21216K, committed 21760K, reserved 1048576K
}
Event: 202.630 GC heap before
{Heap before GC invocations=165 (full 0):
 garbage-first heap   total 3440640K, used 1193226K [0x0000000700000000, 0x0000000800000000)
  region size 32768K, 21 young (688128K), 5 survivors (163840K)
 Metaspace       used 158676K, committed 159936K, reserved 1187840K
  class space    used 21251K, committed 21824K, reserved 1048576K
}
Event: 203.838 GC heap after
{Heap after GC invocations=166 (full 0):
 garbage-first heap   total 3440640K, used 689226K [0x0000000700000000, 0x0000000800000000)
  region size 32768K, 1 young (32768K), 1 survivors (32768K)
 Metaspace       used 158676K, committed 159936K, reserved 1187840K
  class space    used 21251K, committed 21824K, reserved 1048576K
}
Event: 208.184 GC heap before
{Heap before GC invocations=166 (full 0):
 garbage-first heap   total 3440640K, used 1344586K [0x0000000700000000, 0x0000000800000000)
  region size 32768K, 21 young (688128K), 1 survivors (32768K)
 Metaspace       used 159282K, committed 160512K, reserved 1187840K
  class space    used 21265K, committed 21824K, reserved 1048576K
}
Event: 208.190 GC heap after
{Heap after GC invocations=167 (full 0):
 garbage-first heap   total 3440640K, used 672432K [0x0000000700000000, 0x0000000800000000)
  region size 32768K, 1 young (32768K), 1 survivors (32768K)
 Metaspace       used 159282K, committed 160512K, reserved 1187840K
  class space    used 21265K, committed 21824K, reserved 1048576K
}
Event: 212.516 GC heap before
{Heap before GC invocations=167 (full 0):
 garbage-first heap   total 3440640K, used 1327792K [0x0000000700000000, 0x0000000800000000)
  region size 32768K, 21 young (688128K), 1 survivors (32768K)
 Metaspace       used 159790K, committed 161088K, reserved 1196032K
  class space    used 21299K, committed 21888K, reserved 1048576K
}
Event: 212.525 GC heap after
{Heap after GC invocations=168 (full 0):
 garbage-first heap   total 3440640K, used 674335K [0x0000000700000000, 0x0000000800000000)
  region size 32768K, 1 young (32768K), 1 survivors (32768K)
 Metaspace       used 159790K, committed 161088K, reserved 1196032K
  class space    used 21299K, committed 21888K, reserved 1048576K
}
Event: 218.274 GC heap before
{Heap before GC invocations=168 (full 0):
 garbage-first heap   total 3440640K, used 1329695K [0x0000000700000000, 0x0000000800000000)
  region size 32768K, 21 young (688128K), 1 survivors (32768K)
 Metaspace       used 160166K, committed 161408K, reserved 1196032K
  class space    used 21307K, committed 21888K, reserved 1048576K
}
Event: 218.283 GC heap after
{Heap after GC invocations=169 (full 0):
 garbage-first heap   total 3440640K, used 677288K [0x0000000700000000, 0x0000000800000000)
  region size 32768K, 1 young (32768K), 1 survivors (32768K)
 Metaspace       used 160166K, committed 161408K, reserved 1196032K
  class space    used 21307K, committed 21888K, reserved 1048576K
}
Event: 225.313 GC heap before
{Heap before GC invocations=169 (full 0):
 garbage-first heap   total 3440640K, used 1332648K [0x0000000700000000, 0x0000000800000000)
  region size 32768K, 21 young (688128K), 1 survivors (32768K)
 Metaspace       used 160393K, committed 161664K, reserved 1196032K
  class space    used 21307K, committed 21888K, reserved 1048576K
}
Event: 225.329 GC heap after
{Heap after GC invocations=170 (full 0):
 garbage-first heap   total 3440640K, used 685237K [0x0000000700000000, 0x0000000800000000)
  region size 32768K, 1 young (32768K), 1 survivors (32768K)
 Metaspace       used 160393K, committed 161664K, reserved 1196032K
  class space    used 21307K, committed 21888K, reserved 1048576K
}
Event: 231.254 GC heap before
{Heap before GC invocations=170 (full 0):
 garbage-first heap   total 3440640K, used 1340597K [0x0000000700000000, 0x0000000800000000)
  region size 32768K, 21 young (688128K), 1 survivors (32768K)
 Metaspace       used 160445K, committed 161728K, reserved 1196032K
  class space    used 21307K, committed 21888K, reserved 1048576K
}
Event: 231.271 GC heap after
{Heap after GC invocations=171 (full 0):
 garbage-first heap   total 3440640K, used 688558K [0x0000000700000000, 0x0000000800000000)
  region size 32768K, 1 young (32768K), 1 survivors (32768K)
 Metaspace       used 160445K, committed 161728K, reserved 1196032K
  class space    used 21307K, committed 21888K, reserved 1048576K
}
Event: 237.217 GC heap before
{Heap before GC invocations=171 (full 0):
 garbage-first heap   total 3440640K, used 1343918K [0x0000000700000000, 0x0000000800000000)
  region size 32768K, 21 young (688128K), 1 survivors (32768K)
 Metaspace       used 161737K, committed 163008K, reserved 1196032K
  class space    used 21520K, committed 22080K, reserved 1048576K
}
Event: 237.236 GC heap after
{Heap after GC invocations=172 (full 0):
 garbage-first heap   total 3440640K, used 691824K [0x0000000700000000, 0x0000000800000000)
  region size 32768K, 1 young (32768K), 1 survivors (32768K)
 Metaspace       used 161737K, committed 163008K, reserved 1196032K
  class space    used 21520K, committed 22080K, reserved 1048576K
}

