# JRE version: OpenJDK Runtime Environment Microsoft-32931 (17.0.3+7) (build 17.0.3+7-LTS)
# Java VM: OpenJDK 64-Bit Server VM Microsoft-32931 (17.0.3+7-LTS, mixed mode, tiered, compressed oops, compressed class ptrs, g1 gc, windows-amd64)
GC Precious Log:
 CPUs: 16 total, 16 available
 Memory: 7528M
 Large Page Support: Disabled
 NUMA Support: Disabled
 Compressed Oops: Enabled (Zero based)
 Heap Region Size: 32M
 Heap Min Capacity: 32M
 Heap Initial Capacity: 128M
 Heap Max Capacity: 4G
 Pre-touch: Disabled
 Parallel Workers: 13
 Concurrent Workers: 3
 Concurrent Refinement Workers: 13
 Periodic GC: Disabled
Heap:
 garbage-first heap   total 2686976K, used 1289955K [0x0000000700000000, 0x0000000800000000)
  region size 32768K, 19 young (622592K), 2 survivors (65536K)
 Metaspace       used 161965K, committed 163264K, reserved 1196032K
  class space    used 21728K, committed 22336K, reserved 1048576K
GC Heap History (20 events):
Event: 73.475 GC heap before
{Heap before GC invocations=108 (full 0):
 garbage-first heap   total 2686976K, used 2054409K [0x0000000700000000, 0x0000000800000000)
  region size 32768K, 42 young (1376256K), 1 survivors (32768K)
 Metaspace       used 159481K, committed 160768K, reserved 1187840K
  class space    used 21349K, committed 21952K, reserved 1048576K
}
Event: 73.504 GC heap after
{Heap after GC invocations=109 (full 0):
 garbage-first heap   total 2686976K, used 712392K [0x0000000700000000, 0x0000000800000000)
  region size 32768K, 1 young (32768K), 1 survivors (32768K)
 Metaspace       used 159481K, committed 160768K, reserved 1187840K
  class space    used 21349K, committed 21952K, reserved 1048576K
}
Event: 74.393 GC heap before
{Heap before GC invocations=109 (full 0):
 garbage-first heap   total 2686976K, used 2055880K [0x0000000700000000, 0x0000000800000000)
  region size 32768K, 42 young (1376256K), 1 survivors (32768K)
 Metaspace       used 159582K, committed 160832K, reserved 1187840K
  class space    used 21359K, committed 21952K, reserved 1048576K
}
Event: 74.402 GC heap after
{Heap after GC invocations=110 (full 0):
 garbage-first heap   total 2686976K, used 713323K [0x0000000700000000, 0x0000000800000000)
  region size 32768K, 1 young (32768K), 1 survivors (32768K)
 Metaspace       used 159582K, committed 160832K, reserved 1187840K
  class space    used 21359K, committed 21952K, reserved 1048576K
}
Event: 75.256 GC heap before
{Heap before GC invocations=110 (full 0):
 garbage-first heap   total 2686976K, used 2056811K [0x0000000700000000, 0x0000000800000000)
  region size 32768K, 42 young (1376256K), 1 survivors (32768K)
 Metaspace       used 160481K, committed 161728K, reserved 1196032K
  class space    used 21500K, committed 22080K, reserved 1048576K
}
Event: 75.267 GC heap after
{Heap after GC invocations=111 (full 0):
 garbage-first heap   total 2686976K, used 715265K [0x0000000700000000, 0x0000000800000000)
  region size 32768K, 1 young (32768K), 1 survivors (32768K)
 Metaspace       used 160481K, committed 161728K, reserved 1196032K
  class space    used 21500K, committed 22080K, reserved 1048576K
}
Event: 76.289 GC heap before
{Heap before GC invocations=111 (full 0):
 garbage-first heap   total 2686976K, used 2058753K [0x0000000700000000, 0x0000000800000000)
  region size 32768K, 42 young (1376256K), 1 survivors (32768K)
 Metaspace       used 160563K, committed 161856K, reserved 1196032K
  class space    used 21501K, committed 22080K, reserved 1048576K
}
Event: 76.300 GC heap after
{Heap after GC invocations=112 (full 0):
 garbage-first heap   total 2686976K, used 715549K [0x0000000700000000, 0x0000000800000000)
  region size 32768K, 1 young (32768K), 1 survivors (32768K)
 Metaspace       used 160563K, committed 161856K, reserved 1196032K
  class space    used 21501K, committed 22080K, reserved 1048576K
}
Event: 77.063 GC heap before
{Heap before GC invocations=112 (full 0):
 garbage-first heap   total 2686976K, used 2059037K [0x0000000700000000, 0x0000000800000000)
  region size 32768K, 42 young (1376256K), 1 survivors (32768K)
 Metaspace       used 160742K, committed 162048K, reserved 1196032K
  class space    used 21517K, committed 22080K, reserved 1048576K
}
Event: 77.075 GC heap after
{Heap after GC invocations=113 (full 0):
 garbage-first heap   total 2686976K, used 717390K [0x0000000700000000, 0x0000000800000000)
  region size 32768K, 1 young (32768K), 1 survivors (32768K)
 Metaspace       used 160742K, committed 162048K, reserved 1196032K
  class space    used 21517K, committed 22080K, reserved 1048576K
}
Event: 78.038 GC heap before
{Heap before GC invocations=113 (full 0):
 garbage-first heap   total 2686976K, used 2060878K [0x0000000700000000, 0x0000000800000000)
  region size 32768K, 42 young (1376256K), 1 survivors (32768K)
 Metaspace       used 160929K, committed 162240K, reserved 1196032K
  class space    used 21540K, committed 22144K, reserved 1048576K
}
Event: 78.049 GC heap after
{Heap after GC invocations=114 (full 0):
 garbage-first heap   total 2686976K, used 716364K [0x0000000700000000, 0x0000000800000000)
  region size 32768K, 1 young (32768K), 1 survivors (32768K)
 Metaspace       used 160929K, committed 162240K, reserved 1196032K
  class space    used 21540K, committed 22144K, reserved 1048576K
}
Event: 78.751 GC heap before
{Heap before GC invocations=114 (full 0):
 garbage-first heap   total 2686976K, used 2059852K [0x0000000700000000, 0x0000000800000000)
  region size 32768K, 42 young (1376256K), 1 survivors (32768K)
 Metaspace       used 161483K, committed 162816K, reserved 1196032K
  class space    used 21664K, committed 22272K, reserved 1048576K
}
Event: 78.762 GC heap after
{Heap after GC invocations=115 (full 0):
 garbage-first heap   total 2686976K, used 717165K [0x0000000700000000, 0x0000000800000000)
  region size 32768K, 1 young (32768K), 1 survivors (32768K)
 Metaspace       used 161483K, committed 162816K, reserved 1196032K
  class space    used 21664K, committed 22272K, reserved 1048576K
}
Event: 79.727 GC heap before
{Heap before GC invocations=115 (full 0):
 garbage-first heap   total 2686976K, used 2060653K [0x0000000700000000, 0x0000000800000000)
  region size 32768K, 42 young (1376256K), 1 survivors (32768K)
 Metaspace       used 161735K, committed 163072K, reserved 1196032K
  class space    used 21707K, committed 22336K, reserved 1048576K
}
Event: 79.741 GC heap after
{Heap after GC invocations=116 (full 0):
 garbage-first heap   total 2686976K, used 717151K [0x0000000700000000, 0x0000000800000000)
  region size 32768K, 1 young (32768K), 1 survivors (32768K)
 Metaspace       used 161735K, committed 163072K, reserved 1196032K
  class space    used 21707K, committed 22336K, reserved 1048576K
}
Event: 80.566 GC heap before
{Heap before GC invocations=116 (full 0):
 garbage-first heap   total 2686976K, used 2060639K [0x0000000700000000, 0x0000000800000000)
  region size 32768K, 42 young (1376256K), 1 survivors (32768K)
 Metaspace       used 161763K, committed 163072K, reserved 1196032K
  class space    used 21708K, committed 22336K, reserved 1048576K
}
Event: 80.576 GC heap after
{Heap after GC invocations=117 (full 0):
 garbage-first heap   total 2686976K, used 717215K [0x0000000700000000, 0x0000000800000000)
  region size 32768K, 1 young (32768K), 1 survivors (32768K)
 Metaspace       used 161763K, committed 163072K, reserved 1196032K
  class space    used 21708K, committed 22336K, reserved 1048576K
}
Event: 81.555 GC heap before
{Heap before GC invocations=117 (full 0):
 garbage-first heap   total 2686976K, used 2060703K [0x0000000700000000, 0x0000000800000000)
  region size 32768K, 42 young (1376256K), 1 survivors (32768K)
 Metaspace       used 161942K, committed 163264K, reserved 1196032K
  class space    used 21721K, committed 22336K, reserved 1048576K
}
Event: 81.601 GC heap after
{Heap after GC invocations=118 (full 0):
 garbage-first heap   total 2686976K, used 765667K [0x0000000700000000, 0x0000000800000000)
  region size 32768K, 2 young (65536K), 2 survivors (65536K)
 Metaspace       used 161942K, committed 163264K, reserved 1196032K
  class space    used 21721K, committed 22336K, reserved 1048576K
}

